<?xml version="1.0" encoding="UTF-8"?>
<robot generator="Robot 7.4.2 (Python 3.14.3 on win32)" generated="2026-06-15T11:20:22.037642" rpa="false" schemaversion="5">
<suite id="s1" name="Practice6" source="C:\Users\Kamali\PycharmProjects\PythonProject\tests\practice6.robot">
<test id="s1-t1" name="Search Selenium" line="7">
<kw name="Search Keyword">
<kw name="Launch Browser" owner="common_keywords">
<kw name="Open Browser" owner="SeleniumLibrary">
<msg time="2026-06-15T11:20:22.673037" level="INFO">Opening browser 'chrome' to base url 'https://www.google.com/'.</msg>
<arg>https://www.google.com/</arg>
<arg>chrome</arg>
<doc>Opens a new browser instance to the optional ``url``.</doc>
<status status="PASS" start="2026-06-15T11:20:22.672700" elapsed="24.550800"/>
</kw>
<kw name="Maximize Browser Window" owner="SeleniumLibrary">
<doc>Maximizes current browser window.</doc>
<status status="PASS" start="2026-06-15T11:20:47.224122" elapsed="0.386186"/>
</kw>
<status status="PASS" start="2026-06-15T11:20:22.671628" elapsed="24.939031"/>
</kw>
<kw name=" Search Text" owner="common_keywords">
<kw name="Input Text" owner="SeleniumLibrary">
<msg time="2026-06-15T11:20:47.613871" level="INFO">Typing text 'Selenium' into text field 'name=q'.</msg>
<arg>name=q</arg>
<arg>${Search}</arg>
<doc>Types the given ``text`` into the text field identified by ``locator``.</doc>
<status status="PASS" start="2026-06-15T11:20:47.612174" elapsed="1.285326"/>
</kw>
<kw name="Press Keys" owner="SeleniumLibrary">
<msg time="2026-06-15T11:20:48.898679" level="INFO">Sending key(s) ('ENTER',) to name=q element.</msg>
<msg time="2026-06-15T11:20:49.257483" level="INFO">Pressing special key ENTER to element.</msg>
<msg time="2026-06-15T11:20:49.257673" level="INFO">Releasing special key ENTER.</msg>
<arg>name=q</arg>
<arg>ENTER</arg>
<doc>Simulates the user pressing key(s) to an element or on the active browser.</doc>
<status status="PASS" start="2026-06-15T11:20:48.897990" elapsed="1.147598"/>
</kw>
<arg>${search_text}</arg>
<status status="PASS" start="2026-06-15T11:20:47.611187" elapsed="2.435228"/>
</kw>
<kw name="Sleep" owner="BuiltIn">
<msg time="2026-06-15T11:20:53.049150" level="INFO">Slept 3 seconds.</msg>
<arg>3s</arg>
<doc>Pauses the test executed for the given time.</doc>
<status status="PASS" start="2026-06-15T11:20:50.047200" elapsed="3.002198"/>
</kw>
<kw name="Close Browsers" owner="common_keywords">
<kw name="Close Browser" owner="SeleniumLibrary">
<doc>Closes the current browser.</doc>
<status status="PASS" start="2026-06-15T11:20:53.050426" elapsed="2.396496"/>
</kw>
<status status="PASS" start="2026-06-15T11:20:53.049871" elapsed="2.397338"/>
</kw>
<arg>Selenium</arg>
<status status="PASS" start="2026-06-15T11:20:22.670926" elapsed="32.776477"/>
</kw>
<status status="PASS" start="2026-06-15T11:20:22.669398" elapsed="32.778609"/>
</test>
<test id="s1-t2" name="Search RobotFramework" line="8">
<kw name="Search Keyword">
<kw name="Launch Browser" owner="common_keywords">
<kw name="Open Browser" owner="SeleniumLibrary">
<msg time="2026-06-15T11:20:55.453174" level="INFO">Opening browser 'chrome' to base url 'https://www.google.com/'.</msg>
<arg>https://www.google.com/</arg>
<arg>chrome</arg>
<doc>Opens a new browser instance to the optional ``url``.</doc>
<status status="PASS" start="2026-06-15T11:20:55.452761" elapsed="2.665302"/>
</kw>
<kw name="Maximize Browser Window" owner="SeleniumLibrary">
<doc>Maximizes current browser window.</doc>
<status status="PASS" start="2026-06-15T11:20:58.118490" elapsed="0.149727"/>
</kw>
<status status="PASS" start="2026-06-15T11:20:55.452100" elapsed="2.816388"/>
</kw>
<kw name=" Search Text" owner="common_keywords">
<kw name="Input Text" owner="SeleniumLibrary">
<msg time="2026-06-15T11:20:58.270491" level="INFO">Typing text 'Robot Framework' into text field 'name=q'.</msg>
<arg>name=q</arg>
<arg>${Search}</arg>
<doc>Types the given ``text`` into the text field identified by ``locator``.</doc>
<status status="PASS" start="2026-06-15T11:20:58.269747" elapsed="0.625637"/>
</kw>
<kw name="Press Keys" owner="SeleniumLibrary">
<msg time="2026-06-15T11:20:58.896814" level="INFO">Sending key(s) ('ENTER',) to name=q element.</msg>
<msg time="2026-06-15T11:20:59.232517" level="INFO">Pressing special key ENTER to element.</msg>
<msg time="2026-06-15T11:20:59.232706" level="INFO">Releasing special key ENTER.</msg>
<arg>name=q</arg>
<arg>ENTER</arg>
<doc>Simulates the user pressing key(s) to an element or on the active browser.</doc>
<status status="PASS" start="2026-06-15T11:20:58.895929" elapsed="0.354400"/>
</kw>
<arg>${search_text}</arg>
<status status="PASS" start="2026-06-15T11:20:58.268936" elapsed="0.981680"/>
</kw>
<kw name="Sleep" owner="BuiltIn">
<msg time="2026-06-15T11:21:02.252048" level="INFO">Slept 3 seconds.</msg>
<arg>3s</arg>
<doc>Pauses the test executed for the given time.</doc>
<status status="PASS" start="2026-06-15T11:20:59.250976" elapsed="3.001501"/>
</kw>
<kw name="Close Browsers" owner="common_keywords">
<kw name="Close Browser" owner="SeleniumLibrary">
<doc>Closes the current browser.</doc>
<status status="PASS" start="2026-06-15T11:21:02.255285" elapsed="2.333907"/>
</kw>
<status status="PASS" start="2026-06-15T11:21:02.253616" elapsed="2.335992"/>
</kw>
<arg>Robot Framework</arg>
<status status="PASS" start="2026-06-15T11:20:55.451280" elapsed="9.138617"/>
</kw>
<status status="PASS" start="2026-06-15T11:20:55.450025" elapsed="9.140954"/>
</test>
<test id="s1-t3" name="Search Playwright" line="9">
<kw name="Search Keyword">
<kw name="Launch Browser" owner="common_keywords">
<kw name="Open Browser" owner="SeleniumLibrary">
<msg time="2026-06-15T11:21:04.597962" level="INFO">Opening browser 'chrome' to base url 'https://www.google.com/'.</msg>
<arg>https://www.google.com/</arg>
<arg>chrome</arg>
<doc>Opens a new browser instance to the optional ``url``.</doc>
<status status="PASS" start="2026-06-15T11:21:04.597280" elapsed="1.345783"/>
</kw>
<kw name="Maximize Browser Window" owner="SeleniumLibrary">
<doc>Maximizes current browser window.</doc>
<status status="PASS" start="2026-06-15T11:21:05.943511" elapsed="0.860324"/>
</kw>
<status status="PASS" start="2026-06-15T11:21:04.596186" elapsed="2.207825"/>
</kw>
<kw name=" Search Text" owner="common_keywords">
<kw name="Input Text" owner="SeleniumLibrary">
<msg time="2026-06-15T11:21:06.806078" level="INFO">Typing text 'Playwright' into text field 'name=q'.</msg>
<arg>name=q</arg>
<arg>${Search}</arg>
<doc>Types the given ``text`` into the text field identified by ``locator``.</doc>
<status status="PASS" start="2026-06-15T11:21:06.805016" elapsed="0.784705"/>
</kw>
<kw name="Press Keys" owner="SeleniumLibrary">
<msg time="2026-06-15T11:21:07.590743" level="INFO">Sending key(s) ('ENTER',) to name=q element.</msg>
<msg time="2026-06-15T11:21:08.173259" level="INFO">Pressing special key ENTER to element.</msg>
<msg time="2026-06-15T11:21:08.173434" level="INFO">Releasing special key ENTER.</msg>
<arg>name=q</arg>
<arg>ENTER</arg>
<doc>Simulates the user pressing key(s) to an element or on the active browser.</doc>
<status status="PASS" start="2026-06-15T11:21:07.590051" elapsed="1.322073"/>
</kw>
<arg>${search_text}</arg>
<status status="PASS" start="2026-06-15T11:21:06.804276" elapsed="2.108290"/>
</kw>
<kw name="Sleep" owner="BuiltIn">
<msg time="2026-06-15T11:21:11.915620" level="INFO">Slept 3 seconds.</msg>
<arg>3s</arg>
<doc>Pauses the test executed for the given time.</doc>
<status status="PASS" start="2026-06-15T11:21:08.913581" elapsed="3.002296"/>
</kw>
<kw name="Close Browsers" owner="common_keywords">
<kw name="Close Browser" owner="SeleniumLibrary">
<doc>Closes the current browser.</doc>
<status status="PASS" start="2026-06-15T11:21:11.917091" elapsed="2.316505"/>
</kw>
<status status="PASS" start="2026-06-15T11:21:11.916362" elapsed="2.318043"/>
</kw>
<arg>Playwright</arg>
<status status="PASS" start="2026-06-15T11:21:04.594803" elapsed="9.639901"/>
</kw>
<status status="PASS" start="2026-06-15T11:21:04.592917" elapsed="9.642740"/>
</test>
<test id="s1-t4" name="Search Cypress" line="10">
<kw name="Search Keyword">
<kw name="Launch Browser" owner="common_keywords">
<kw name="Open Browser" owner="SeleniumLibrary">
<msg time="2026-06-15T11:21:14.245109" level="INFO">Opening browser 'chrome' to base url 'https://www.google.com/'.</msg>
<arg>https://www.google.com/</arg>
<arg>chrome</arg>
<doc>Opens a new browser instance to the optional ``url``.</doc>
<status status="PASS" start="2026-06-15T11:21:14.244098" elapsed="2.502659"/>
</kw>
<kw name="Maximize Browser Window" owner="SeleniumLibrary">
<doc>Maximizes current browser window.</doc>
<status status="PASS" start="2026-06-15T11:21:16.747161" elapsed="0.318983"/>
</kw>
<status status="PASS" start="2026-06-15T11:21:14.242457" elapsed="2.823919"/>
</kw>
<kw name=" Search Text" owner="common_keywords">
<kw name="Input Text" owner="SeleniumLibrary">
<msg time="2026-06-15T11:21:17.068211" level="INFO">Typing text 'Cypress' into text field 'name=q'.</msg>
<arg>name=q</arg>
<arg>${Search}</arg>
<doc>Types the given ``text`` into the text field identified by ``locator``.</doc>
<status status="PASS" start="2026-06-15T11:21:17.067554" elapsed="0.674105"/>
</kw>
<kw name="Press Keys" owner="SeleniumLibrary">
<msg time="2026-06-15T11:21:17.743139" level="INFO">Sending key(s) ('ENTER',) to name=q element.</msg>
<msg time="2026-06-15T11:21:18.113268" level="INFO">Pressing special key ENTER to element.</msg>
<msg time="2026-06-15T11:21:18.113385" level="INFO">Releasing special key ENTER.</msg>
<arg>name=q</arg>
<arg>ENTER</arg>
<doc>Simulates the user pressing key(s) to an element or on the active browser.</doc>
<status status="PASS" start="2026-06-15T11:21:17.742257" elapsed="0.388548"/>
</kw>
<arg>${search_text}</arg>
<status status="PASS" start="2026-06-15T11:21:17.066809" elapsed="1.064358"/>
</kw>
<kw name="Sleep" owner="BuiltIn">
<msg time="2026-06-15T11:21:21.133219" level="INFO">Slept 3 seconds.</msg>
<arg>3s</arg>
<doc>Pauses the test executed for the given time.</doc>
<status status="PASS" start="2026-06-15T11:21:18.131563" elapsed="3.001899"/>
</kw>
<kw name="Close Browsers" owner="common_keywords">
<kw name="Close Browser" owner="SeleniumLibrary">
<doc>Closes the current browser.</doc>
<status status="PASS" start="2026-06-15T11:21:21.134747" elapsed="2.405087"/>
</kw>
<status status="PASS" start="2026-06-15T11:21:21.133937" elapsed="2.406342"/>
</kw>
<arg>Cypress</arg>
<status status="PASS" start="2026-06-15T11:21:14.240518" elapsed="9.300085"/>
</kw>
<status status="PASS" start="2026-06-15T11:21:14.237905" elapsed="9.303871"/>
</test>
<test id="s1-t5" name="Search Pytest" line="11">
<kw name="Search Keyword">
<kw name="Launch Browser" owner="common_keywords">
<kw name="Open Browser" owner="SeleniumLibrary">
<msg time="2026-06-15T11:21:23.549348" level="INFO">Opening browser 'chrome' to base url 'https://www.google.com/'.</msg>
<arg>https://www.google.com/</arg>
<arg>chrome</arg>
<doc>Opens a new browser instance to the optional ``url``.</doc>
<status status="PASS" start="2026-06-15T11:21:23.548240" elapsed="2.192050"/>
</kw>
<kw name="Maximize Browser Window" owner="SeleniumLibrary">
<doc>Maximizes current browser window.</doc>
<status status="PASS" start="2026-06-15T11:21:25.740964" elapsed="0.346192"/>
</kw>
<status status="PASS" start="2026-06-15T11:21:23.547053" elapsed="2.540464"/>
</kw>
<kw name=" Search Text" owner="common_keywords">
<kw name="Input Text" owner="SeleniumLibrary">
<msg time="2026-06-15T11:21:26.089610" level="INFO">Typing text 'Pytest' into text field 'name=q'.</msg>
<arg>name=q</arg>
<arg>${Search}</arg>
<doc>Types the given ``text`` into the text field identified by ``locator``.</doc>
<status status="PASS" start="2026-06-15T11:21:26.088876" elapsed="0.515027"/>
</kw>
<kw name="Press Keys" owner="SeleniumLibrary">
<msg time="2026-06-15T11:21:26.605191" level="INFO">Sending key(s) ('ENTER',) to name=q element.</msg>
<msg time="2026-06-15T11:21:27.123177" level="INFO">Pressing special key ENTER to element.</msg>
<msg time="2026-06-15T11:21:27.123320" level="INFO">Releasing special key ENTER.</msg>
<arg>name=q</arg>
<arg>ENTER</arg>
<doc>Simulates the user pressing key(s) to an element or on the active browser.</doc>
<status status="PASS" start="2026-06-15T11:21:26.604442" elapsed="2.263158"/>
</kw>
<arg>${search_text}</arg>
<status status="PASS" start="2026-06-15T11:21:26.088022" elapsed="2.779869"/>
</kw>
<kw name="Sleep" owner="BuiltIn">
<msg time="2026-06-15T11:21:31.874380" level="INFO">Slept 3 seconds.</msg>
<arg>3s</arg>
<doc>Pauses the test executed for the given time.</doc>
<status status="PASS" start="2026-06-15T11:21:28.868231" elapsed="3.006425"/>
</kw>
<kw name="Close Browsers" owner="common_keywords">
<kw name="Close Browser" owner="SeleniumLibrary">
<doc>Closes the current browser.</doc>
<status status="PASS" start="2026-06-15T11:21:31.875880" elapsed="2.492591"/>
</kw>
<status status="PASS" start="2026-06-15T11:21:31.875173" elapsed="2.493745"/>
</kw>
<arg>Pytest</arg>
<status status="PASS" start="2026-06-15T11:21:23.545667" elapsed="10.823570"/>
</kw>
<status status="PASS" start="2026-06-15T11:21:23.543672" elapsed="10.826671"/>
</test>
<test id="s1-t6" name="Search Multiple Values" line="25">
<kw name="Search Keyword">
<msg time="2026-06-15T11:21:34.378736" level="FAIL">Variable '@{Searches}' not found.</msg>
<arg>@{Searches}=</arg>
<arg>Create List</arg>
<arg>Selenium</arg>
<arg>Robot Framework</arg>
<arg>Playwright</arg>
<status status="FAIL" start="2026-06-15T11:21:34.373859" elapsed="0.005130">Variable '@{Searches}' not found.</status>
</kw>
<for flavor="IN">
<iter>
<kw name="Search Keyword">
<arg>Log To Console</arg>
<arg>${item}</arg>
<status status="NOT RUN" start="2026-06-15T11:21:34.383939" elapsed="0.000275"/>
</kw>
<var name="${item}"/>
<status status="NOT RUN" start="2026-06-15T11:21:34.382542" elapsed="0.002098"/>
</iter>
<msg time="2026-06-15T11:21:34.385565" level="FAIL">Variable '@{Searches}' not found.</msg>
<var>${item}</var>
<value>@{Searches}</value>
<status status="FAIL" start="2026-06-15T11:21:34.380331" elapsed="0.005632">Variable '@{Searches}' not found.</status>
</for>
<status status="FAIL" start="2026-06-15T11:21:34.372170" elapsed="0.015646">Several failures occurred:

1) Variable '@{Searches}' not found.

2) Variable '@{Searches}' not found.</status>
</test>
<status status="FAIL" start="2026-06-15T11:20:22.040639" elapsed="72.351601"/>
</suite>
<statistics>
<total>
<stat pass="5" fail="1" skip="0">All Tests</stat>
</total>
<tag>
</tag>
<suite>
<stat name="Practice6" id="s1" pass="5" fail="1" skip="0">Practice6</stat>
</suite>
</statistics>
<errors>
</errors>
</robot>
