<?xml version="1.0" encoding="UTF-8"?>
<robot generator="Robot 7.4.2 (Python 3.14.3 on win32)" generated="2026-06-15T16:05:03.250423" rpa="false" schemaversion="5">
<suite id="s1" name="Login" source="C:\Users\Kamali\PycharmProjects\PythonProject\tests\login.robot">
<test id="s1-t1" name="Verify Login" line="5">
<kw name="Enter Username" owner="login_page">
<kw name="Input Text" owner="SeleniumLibrary">
<msg time="2026-06-15T16:05:04.012858" level="INFO">Typing text 'student' into text field 'id=username'.</msg>
<msg time="2026-06-15T16:05:04.016377" level="INFO">Cannot capture screenshot because no browser is open.</msg>
<msg time="2026-06-15T16:05:04.017107" level="FAIL">No browser is open.</msg>
<arg>id=username</arg>
<arg>${username}</arg>
<doc>Types the given ``text`` into the text field identified by ``locator``.</doc>
<status status="FAIL" start="2026-06-15T16:05:04.011779" elapsed="0.010670">No browser is open.</status>
</kw>
<arg>student</arg>
<status status="FAIL" start="2026-06-15T16:05:04.009677" elapsed="0.013186">No browser is open.</status>
</kw>
<kw name="Enter Password" owner="login_page">
<arg>Password123</arg>
<status status="NOT RUN" start="2026-06-15T16:05:04.023228" elapsed="0.000171"/>
</kw>
<kw name="Click Login" owner="login_page">
<status status="NOT RUN" start="2026-06-15T16:05:04.023656" elapsed="0.000129"/>
</kw>
<status status="FAIL" start="2026-06-15T16:05:04.007935" elapsed="0.016123">No browser is open.</status>
</test>
<status status="FAIL" start="2026-06-15T16:05:03.275363" elapsed="0.750030"/>
</suite>
<statistics>
<total>
<stat pass="0" fail="1" skip="0">All Tests</stat>
</total>
<tag>
</tag>
<suite>
<stat name="Login" id="s1" pass="0" fail="1" skip="0">Login</stat>
</suite>
</statistics>
<errors>
</errors>
</robot>
